<?xml version="1.0" encoding="UTF-8"?>
<!-- Generated by org.testng.reporters.JUnitReportReporter -->
<testsuite skipped="0" hostname="paro-PC" name="Scenario2Test" tests="2" failures="0" timestamp="29 Mar 2019 08:49:24 GMT" time="4.977" errors="0">
  <testcase name="ArchivingTest" time="2.936" classname="Scenario2Test"/>
  <testcase name="ArchivingTest" time="2.041" classname="Scenario2Test"/>
</testsuite> <!-- Scenario2Test -->
